This is XeTeX, Version 3.141592653-2.6-0.999997 (TeX Live 2025) (preloaded format=xelatex 2025.10.11)  6 FEB 2026 16:37
entering extended mode
 restricted \write18 enabled.
 %&-line parsing enabled.
**lay.tex
(./lay.tex
LaTeX2e <2025-06-01> patch level 1
L3 programming layer <2025-09-02>
(c:/texlive/2025/texmf-dist/tex/latex/base/article.cls
Document Class: article 2025/01/22 v1.4n Standard LaTeX document class
(c:/texlive/2025/texmf-dist/tex/latex/base/size10.clo
File: size10.clo 2025/01/22 v1.4n Standard LaTeX file (size option)
)
\c@part=\count271
\c@section=\count272
\c@subsection=\count273
\c@subsubsection=\count274
\c@paragraph=\count275
\c@subparagraph=\count276
\c@figure=\count277
\c@table=\count278
\abovecaptionskip=\skip49
\belowcaptionskip=\skip50
\bibindent=\dimen148
) (./icml2026.sty
Package: icml2026 2025/10/29 v2.0 ICML Conference Style File

(c:/texlive/2025/texmf-dist/tex/latex/psnfss/times.sty
Package: times 2020/03/25 PSNFSS-v9.3 (SPQR) 
)
(c:/texlive/2025/texmf-dist/tex/latex/fancyhdr/fancyhdr.sty
Package: fancyhdr 2025/02/07 v5.2 Extensive control of page headers and footers

\f@nch@headwidth=\skip51
\f@nch@offset@elh=\skip52
\f@nch@offset@erh=\skip53
\f@nch@offset@olh=\skip54
\f@nch@offset@orh=\skip55
\f@nch@offset@elf=\skip56
\f@nch@offset@erf=\skip57
\f@nch@offset@olf=\skip58
\f@nch@offset@orf=\skip59
\f@nch@height=\skip60
\f@nch@footalignment=\skip61
\f@nch@widthL=\skip62
\f@nch@widthC=\skip63
\f@nch@widthR=\skip64
\@temptokenb=\toks17
)
(c:/texlive/2025/texmf-dist/tex/latex/xcolor/xcolor.sty
Package: xcolor 2024/09/29 v3.02 LaTeX color extensions (UK)

(c:/texlive/2025/texmf-dist/tex/latex/graphics-cfg/color.cfg
File: color.cfg 2016/01/02 v1.6 sample color configuration
)
Package xcolor Info: Driver file: xetex.def on input line 274.

(c:/texlive/2025/texmf-dist/tex/latex/graphics-def/xetex.def
File: xetex.def 2025/09/29 v5.0o Graphics/color driver for xetex
)
(c:/texlive/2025/texmf-dist/tex/latex/graphics/mathcolor.ltx)
Package xcolor Info: Model `cmy' substituted by `cmy0' on input line 1349.
Package xcolor Info: Model `RGB' extended on input line 1365.
Package xcolor Info: Model `HTML' substituted by `rgb' on input line 1367.
Package xcolor Info: Model `Hsb' substituted by `hsb' on input line 1368.
Package xcolor Info: Model `tHsb' substituted by `hsb' on input line 1369.
Package xcolor Info: Model `HSB' substituted by `hsb' on input line 1370.
Package xcolor Info: Model `Gray' substituted by `gray' on input line 1371.
Package xcolor Info: Model `wave' substituted by `hsb' on input line 1372.
)
(c:/texlive/2025/texmf-dist/tex/latex/algorithms/algorithm.sty
Invalid UTF-8 byte or sequence at line 11 replaced by U+FFFD.
Package: algorithm 2009/08/24 v0.1 Document Style `algorithm' - floating enviro
nment

(c:/texlive/2025/texmf-dist/tex/latex/float/float.sty
Package: float 2001/11/08 v1.3d Float enhancements (AL)
\c@float@type=\count279
\float@exts=\toks18
\float@box=\box53
\@float@everytoks=\toks19
\@floatcapt=\box54
)
(c:/texlive/2025/texmf-dist/tex/latex/base/ifthen.sty
Package: ifthen 2024/03/16 v1.1e Standard LaTeX ifthen package (DPC)
)
\@float@every@algorithm=\toks20
\c@algorithm=\count280
)
(c:/texlive/2025/texmf-dist/tex/latex/algorithms/algorithmic.sty
Invalid UTF-8 byte or sequence at line 11 replaced by U+FFFD.
Package: algorithmic 2009/08/24 v0.1 Document Style `algorithmic'

(c:/texlive/2025/texmf-dist/tex/latex/graphics/keyval.sty
Package: keyval 2022/05/29 v1.15 key=value parser (DPC)
\KV@toks@=\toks21
)
\c@ALC@unique=\count281
\c@ALC@line=\count282
\c@ALC@rem=\count283
\c@ALC@depth=\count284
\ALC@tlm=\skip65
\algorithmicindent=\skip66
)
(c:/texlive/2025/texmf-dist/tex/latex/natbib/natbib.sty
Package: natbib 2010/09/13 8.31b (PWD, AO)
\bibhang=\skip67
\bibsep=\skip68
LaTeX Info: Redefining \cite on input line 694.
\c@NAT@ctr=\count285
)
(c:/texlive/2025/texmf-dist/tex/latex/eso-pic/eso-pic.sty
Package: eso-pic 2023/05/03 v3.0c eso-pic (RN)
\ESO@tempdima=\dimen149
\ESO@tempdimb=\dimen150
)
(c:/texlive/2025/texmf-dist/tex/latex/forloop/forloop.sty
Package: forloop 2023/05/03 v3.0 For Loops for LaTeX
)
(c:/texlive/2025/texmf-dist/tex/latex/url/url.sty
\Urlmuskip=\muskip17
Package: url 2013/09/16  ver 3.4  Verb mode for urls, etc.
)
(c:/texlive/2025/texmf-dist/tex/latex/caption/caption.sty
Package: caption 2023/08/05 v3.6o Customizing captions (AR)

(c:/texlive/2025/texmf-dist/tex/latex/caption/caption3.sty
Package: caption3 2023/07/31 v2.4d caption3 kernel (AR)
\caption@tempdima=\dimen151
\captionmargin=\dimen152
\caption@leftmargin=\dimen153
\caption@rightmargin=\dimen154
\caption@width=\dimen155
\caption@indent=\dimen156
\caption@parindent=\dimen157
\caption@hangindent=\dimen158
Package caption Info: Standard document class detected.
)
\c@caption@flags=\count286
\c@continuedfloat=\count287
Package caption Info: float package is loaded.
)
\titrun=\box55
\c@@affiliationcounter=\count288
\c@@affilnum=\count289
\icmlrulerbox=\box56
\icmlrulercount=\count290
\icmlruleroffset=\dimen159
\cv@lineheight=\dimen160
\cv@boxheight=\dimen161
\cv@tmpbox=\box57
\cv@refno=\count291
\cv@tot=\count292
\cv@tmpc@=\count293
\cv@tmpc=\count294
)
(c:/texlive/2025/texmf-dist/tex/latex/base/inputenc.sty
Package: inputenc 2024/02/08 v1.3d Input encoding file
\inpenc@prehook=\toks22
\inpenc@posthook=\toks23


Package inputenc Warning: inputenc package ignored with utf8 based engines.

) (c:/texlive/2025/texmf-dist/tex/latex/amsmath/amsmath.sty
Package: amsmath 2025/06/16 v2.17y AMS math features
\@mathmargin=\skip69

For additional information on amsmath, use the `?' option.
(c:/texlive/2025/texmf-dist/tex/latex/amsmath/amstext.sty
Package: amstext 2024/11/17 v2.01 AMS text

(c:/texlive/2025/texmf-dist/tex/latex/amsmath/amsgen.sty
File: amsgen.sty 1999/11/30 v2.0 generic functions
\@emptytoks=\toks24
\ex@=\dimen162
))
(c:/texlive/2025/texmf-dist/tex/latex/amsmath/amsbsy.sty
Package: amsbsy 1999/11/29 v1.2d Bold Symbols
\pmbraise@=\dimen163
)
(c:/texlive/2025/texmf-dist/tex/latex/amsmath/amsopn.sty
Package: amsopn 2022/04/08 v2.04 operator names
)
\inf@bad=\count295
LaTeX Info: Redefining \frac on input line 233.
\uproot@=\count296
\leftroot@=\count297
LaTeX Info: Redefining \overline on input line 398.
LaTeX Info: Redefining \colon on input line 409.
\classnum@=\count298
\DOTSCASE@=\count299
LaTeX Info: Redefining \ldots on input line 495.
LaTeX Info: Redefining \dots on input line 498.
LaTeX Info: Redefining \cdots on input line 619.
\Mathstrutbox@=\box58
\strutbox@=\box59
LaTeX Info: Redefining \big on input line 721.
LaTeX Info: Redefining \Big on input line 722.
LaTeX Info: Redefining \bigg on input line 723.
LaTeX Info: Redefining \Bigg on input line 724.
\big@size=\dimen164
LaTeX Font Info:    Redeclaring font encoding OML on input line 742.
LaTeX Font Info:    Redeclaring font encoding OMS on input line 743.
\macc@depth=\count300
LaTeX Info: Redefining \bmod on input line 904.
LaTeX Info: Redefining \pmod on input line 909.
LaTeX Info: Redefining \smash on input line 939.
LaTeX Info: Redefining \relbar on input line 969.
LaTeX Info: Redefining \Relbar on input line 970.
\c@MaxMatrixCols=\count301
\dotsspace@=\muskip18
\c@parentequation=\count302
\dspbrk@lvl=\count303
\tag@help=\toks25
\row@=\count304
\column@=\count305
\maxfields@=\count306
\andhelp@=\toks26
\eqnshift@=\dimen165
\alignsep@=\dimen166
\tagshift@=\dimen167
\tagwidth@=\dimen168
\totwidth@=\dimen169
\lineht@=\dimen170
\@envbody=\toks27
\multlinegap=\skip70
\multlinetaggap=\skip71
\mathdisplay@stack=\toks28
LaTeX Info: Redefining \[ on input line 2949.
LaTeX Info: Redefining \] on input line 2950.
)
(c:/texlive/2025/texmf-dist/tex/latex/amsfonts/amssymb.sty
Package: amssymb 2013/01/14 v3.01 AMS font symbols

(c:/texlive/2025/texmf-dist/tex/latex/amsfonts/amsfonts.sty
Package: amsfonts 2013/01/14 v3.01 Basic AMSFonts support
\symAMSa=\mathgroup4
\symAMSb=\mathgroup5
LaTeX Font Info:    Redeclaring math symbol \hbar on input line 98.
LaTeX Font Info:    Overwriting math alphabet `\mathfrak' in version `bold'
(Font)                  U/euf/m/n --> U/euf/b/n on input line 106.
))
(c:/texlive/2025/texmf-dist/tex/latex/amscls/amsthm.sty
Package: amsthm 2020/05/29 v2.20.6
\thm@style=\toks29
\thm@bodyfont=\toks30
\thm@headfont=\toks31
\thm@notefont=\toks32
\thm@headpunct=\toks33
\thm@preskip=\skip72
\thm@postskip=\skip73
\thm@headsep=\skip74
\dth@everypar=\toks34
)
(c:/texlive/2025/texmf-dist/tex/latex/graphics/graphicx.sty
Package: graphicx 2024/12/31 v1.2e Enhanced LaTeX Graphics (DPC,SPQR)

(c:/texlive/2025/texmf-dist/tex/latex/graphics/graphics.sty
Package: graphics 2024/08/06 v1.4g Standard LaTeX Graphics (DPC,SPQR)

(c:/texlive/2025/texmf-dist/tex/latex/graphics/trig.sty
Package: trig 2023/12/02 v1.11 sin cos tan (DPC)
)
(c:/texlive/2025/texmf-dist/tex/latex/graphics-cfg/graphics.cfg
File: graphics.cfg 2016/06/04 v1.11 sample graphics configuration
)
Package graphics Info: Driver file: xetex.def on input line 106.
)
\Gin@req@height=\dimen171
\Gin@req@width=\dimen172
)
(c:/texlive/2025/texmf-dist/tex/latex/wrapfig/wrapfig.sty
\wrapoverhang=\dimen173
\WF@size=\dimen174
\c@WF@wrappedlines=\count307
\WF@box=\box60
\WF@everypar=\toks35
Package: wrapfig 2003/01/31  v 3.6
)
(c:/texlive/2025/texmf-dist/tex/latex/caption/subcaption.sty
Package: subcaption 2023/07/28 v1.6b Sub-captions (AR)
Package caption Info: New subtype `subfigure' on input line 238.
\c@subfigure=\count308
Package caption Info: New subtype `subtable' on input line 238.
\c@subtable=\count309
)
(c:/texlive/2025/texmf-dist/tex/latex/booktabs/booktabs.sty
Package: booktabs 2020/01/12 v1.61803398 Publication quality tables
\heavyrulewidth=\dimen175
\lightrulewidth=\dimen176
\cmidrulewidth=\dimen177
\belowrulesep=\dimen178
\belowbottomsep=\dimen179
\aboverulesep=\dimen180
\abovetopsep=\dimen181
\cmidrulesep=\dimen182
\cmidrulekern=\dimen183
\defaultaddspace=\dimen184
\@cmidla=\count310
\@cmidlb=\count311
\@aboverulesep=\dimen185
\@belowrulesep=\dimen186
\@thisruleclass=\count312
\@lastruleclass=\count313
\@thisrulewidth=\dimen187
)
(c:/texlive/2025/texmf-dist/tex/latex/placeins/placeins.sty
Package: placeins 2005/04/18  v 2.2
)
(c:/texlive/2025/texmf-dist/tex/latex/enumitem/enumitem.sty
Package: enumitem 2025/02/06 v3.11 Customized lists
\labelindent=\skip75
\enit@outerparindent=\dimen188
\enit@toks=\toks36
\enit@inbox=\box61
\enit@count@id=\count314
\enitdp@description=\count315
)
(c:/texlive/2025/texmf-dist/tex/latex/mathtools/mathtools.sty
Package: mathtools 2024/10/04 v1.31 mathematical typesetting tools

(c:/texlive/2025/texmf-dist/tex/latex/tools/calc.sty
Package: calc 2025/03/01 v4.3b Infix arithmetic (KKT,FJ)
\calc@Acount=\count316
\calc@Bcount=\count317
\calc@Adimen=\dimen189
\calc@Bdimen=\dimen190
\calc@Askip=\skip76
\calc@Bskip=\skip77
LaTeX Info: Redefining \setlength on input line 86.
LaTeX Info: Redefining \addtolength on input line 87.
\calc@Ccount=\count318
\calc@Cskip=\skip78
)
(c:/texlive/2025/texmf-dist/tex/latex/mathtools/mhsetup.sty
Package: mhsetup 2021/03/18 v1.4 programming setup (MH)
)
\g_MT_multlinerow_int=\count319
\l_MT_multwidth_dim=\dimen191
\origjot=\skip79
\l_MT_shortvdotswithinadjustabove_dim=\dimen192
\l_MT_shortvdotswithinadjustbelow_dim=\dimen193
\l_MT_above_intertext_sep=\dimen194
\l_MT_below_intertext_sep=\dimen195
\l_MT_above_shortintertext_sep=\dimen196
\l_MT_below_shortintertext_sep=\dimen197
\xmathstrut@box=\box62
\xmathstrut@dim=\dimen198
)
(c:/texlive/2025/texmf-dist/tex/latex/pgf/frontendlayer/tikz.sty
(c:/texlive/2025/texmf-dist/tex/latex/pgf/basiclayer/pgf.sty
(c:/texlive/2025/texmf-dist/tex/latex/pgf/utilities/pgfrcs.sty
(c:/texlive/2025/texmf-dist/tex/generic/pgf/utilities/pgfutil-common.tex
\pgfutil@everybye=\toks37
\pgfutil@tempdima=\dimen199
\pgfutil@tempdimb=\dimen256
)
(c:/texlive/2025/texmf-dist/tex/generic/pgf/utilities/pgfutil-latex.def
\pgfutil@abb=\box63
)
(c:/texlive/2025/texmf-dist/tex/generic/pgf/utilities/pgfrcs.code.tex
(c:/texlive/2025/texmf-dist/tex/generic/pgf/pgf.revision.tex)
Package: pgfrcs 2025-08-29 v3.1.11a (3.1.11a)
))
Package: pgf 2025-08-29 v3.1.11a (3.1.11a)

(c:/texlive/2025/texmf-dist/tex/latex/pgf/basiclayer/pgfcore.sty
(c:/texlive/2025/texmf-dist/tex/latex/pgf/systemlayer/pgfsys.sty
(c:/texlive/2025/texmf-dist/tex/generic/pgf/systemlayer/pgfsys.code.tex
Package: pgfsys 2025-08-29 v3.1.11a (3.1.11a)

(c:/texlive/2025/texmf-dist/tex/generic/pgf/utilities/pgfkeys.code.tex
\pgfkeys@pathtoks=\toks38
\pgfkeys@temptoks=\toks39

(c:/texlive/2025/texmf-dist/tex/generic/pgf/utilities/pgfkeyslibraryfiltered.co
de.tex
\pgfkeys@tmptoks=\toks40
))
\pgf@x=\dimen257
\pgf@y=\dimen258
\pgf@xa=\dimen259
\pgf@ya=\dimen260
\pgf@xb=\dimen261
\pgf@yb=\dimen262
\pgf@xc=\dimen263
\pgf@yc=\dimen264
\pgf@xd=\dimen265
\pgf@yd=\dimen266
\w@pgf@writea=\write3
\r@pgf@reada=\read2
\c@pgf@counta=\count320
\c@pgf@countb=\count321
\c@pgf@countc=\count322
\c@pgf@countd=\count323
\t@pgf@toka=\toks41
\t@pgf@tokb=\toks42
\t@pgf@tokc=\toks43
\pgf@sys@id@count=\count324
 (c:/texlive/2025/texmf-dist/tex/generic/pgf/systemlayer/pgf.cfg
File: pgf.cfg 2025-08-29 v3.1.11a (3.1.11a)
)
Driver file for pgf: pgfsys-xetex.def

(c:/texlive/2025/texmf-dist/tex/generic/pgf/systemlayer/pgfsys-xetex.def
File: pgfsys-xetex.def 2025-08-29 v3.1.11a (3.1.11a)

(c:/texlive/2025/texmf-dist/tex/generic/pgf/systemlayer/pgfsys-dvipdfmx.def
File: pgfsys-dvipdfmx.def 2025-08-29 v3.1.11a (3.1.11a)

(c:/texlive/2025/texmf-dist/tex/generic/pgf/systemlayer/pgfsys-common-pdf.def
File: pgfsys-common-pdf.def 2025-08-29 v3.1.11a (3.1.11a)
)
\pgfsys@objnum=\count325
)))
(c:/texlive/2025/texmf-dist/tex/generic/pgf/systemlayer/pgfsyssoftpath.code.tex
File: pgfsyssoftpath.code.tex 2025-08-29 v3.1.11a (3.1.11a)
\pgfsyssoftpath@smallbuffer@items=\count326
\pgfsyssoftpath@bigbuffer@items=\count327
)
(c:/texlive/2025/texmf-dist/tex/generic/pgf/systemlayer/pgfsysprotocol.code.tex
File: pgfsysprotocol.code.tex 2025-08-29 v3.1.11a (3.1.11a)
)) (c:/texlive/2025/texmf-dist/tex/generic/pgf/basiclayer/pgfcore.code.tex
Package: pgfcore 2025-08-29 v3.1.11a (3.1.11a)

(c:/texlive/2025/texmf-dist/tex/generic/pgf/math/pgfmath.code.tex
(c:/texlive/2025/texmf-dist/tex/generic/pgf/math/pgfmathutil.code.tex)
(c:/texlive/2025/texmf-dist/tex/generic/pgf/math/pgfmathparser.code.tex
\pgfmath@dimen=\dimen267
\pgfmath@count=\count328
\pgfmath@box=\box64
\pgfmath@toks=\toks44
\pgfmath@stack@operand=\toks45
\pgfmath@stack@operation=\toks46
)
(c:/texlive/2025/texmf-dist/tex/generic/pgf/math/pgfmathfunctions.code.tex)
(c:/texlive/2025/texmf-dist/tex/generic/pgf/math/pgfmathfunctions.basic.code.te
x)
(c:/texlive/2025/texmf-dist/tex/generic/pgf/math/pgfmathfunctions.trigonometric
.code.tex)
(c:/texlive/2025/texmf-dist/tex/generic/pgf/math/pgfmathfunctions.random.code.t
ex)
(c:/texlive/2025/texmf-dist/tex/generic/pgf/math/pgfmathfunctions.comparison.co
de.tex)
(c:/texlive/2025/texmf-dist/tex/generic/pgf/math/pgfmathfunctions.base.code.tex
)
(c:/texlive/2025/texmf-dist/tex/generic/pgf/math/pgfmathfunctions.round.code.te
x)
(c:/texlive/2025/texmf-dist/tex/generic/pgf/math/pgfmathfunctions.misc.code.tex
)
(c:/texlive/2025/texmf-dist/tex/generic/pgf/math/pgfmathfunctions.integerarithm
etics.code.tex)
(c:/texlive/2025/texmf-dist/tex/generic/pgf/math/pgfmathcalc.code.tex)
(c:/texlive/2025/texmf-dist/tex/generic/pgf/math/pgfmathfloat.code.tex
\c@pgfmathroundto@lastzeros=\count329
))
(c:/texlive/2025/texmf-dist/tex/generic/pgf/math/pgfint.code.tex)
(c:/texlive/2025/texmf-dist/tex/generic/pgf/basiclayer/pgfcorepoints.code.tex
File: pgfcorepoints.code.tex 2025-08-29 v3.1.11a (3.1.11a)
\pgf@picminx=\dimen268
\pgf@picmaxx=\dimen269
\pgf@picminy=\dimen270
\pgf@picmaxy=\dimen271
\pgf@pathminx=\dimen272
\pgf@pathmaxx=\dimen273
\pgf@pathminy=\dimen274
\pgf@pathmaxy=\dimen275
\pgf@xx=\dimen276
\pgf@xy=\dimen277
\pgf@yx=\dimen278
\pgf@yy=\dimen279
\pgf@zx=\dimen280
\pgf@zy=\dimen281
)
(c:/texlive/2025/texmf-dist/tex/generic/pgf/basiclayer/pgfcorepathconstruct.cod
e.tex
File: pgfcorepathconstruct.code.tex 2025-08-29 v3.1.11a (3.1.11a)
\pgf@path@lastx=\dimen282
\pgf@path@lasty=\dimen283
)
(c:/texlive/2025/texmf-dist/tex/generic/pgf/basiclayer/pgfcorepathusage.code.te
x
File: pgfcorepathusage.code.tex 2025-08-29 v3.1.11a (3.1.11a)
\pgf@shorten@end@additional=\dimen284
\pgf@shorten@start@additional=\dimen285
)
(c:/texlive/2025/texmf-dist/tex/generic/pgf/basiclayer/pgfcorescopes.code.tex
File: pgfcorescopes.code.tex 2025-08-29 v3.1.11a (3.1.11a)
\pgfpic=\box65
\pgf@hbox=\box66
\pgf@layerbox@main=\box67
\pgf@picture@serial@count=\count330
)
(c:/texlive/2025/texmf-dist/tex/generic/pgf/basiclayer/pgfcoregraphicstate.code
.tex
File: pgfcoregraphicstate.code.tex 2025-08-29 v3.1.11a (3.1.11a)
\pgflinewidth=\dimen286
)
(c:/texlive/2025/texmf-dist/tex/generic/pgf/basiclayer/pgfcoretransformations.c
ode.tex
File: pgfcoretransformations.code.tex 2025-08-29 v3.1.11a (3.1.11a)
\pgf@pt@x=\dimen287
\pgf@pt@y=\dimen288
\pgf@pt@temp=\dimen289
)
(c:/texlive/2025/texmf-dist/tex/generic/pgf/basiclayer/pgfcorequick.code.tex
File: pgfcorequick.code.tex 2025-08-29 v3.1.11a (3.1.11a)
)
(c:/texlive/2025/texmf-dist/tex/generic/pgf/basiclayer/pgfcoreobjects.code.tex
File: pgfcoreobjects.code.tex 2025-08-29 v3.1.11a (3.1.11a)
)
(c:/texlive/2025/texmf-dist/tex/generic/pgf/basiclayer/pgfcorepathprocessing.co
de.tex
File: pgfcorepathprocessing.code.tex 2025-08-29 v3.1.11a (3.1.11a)
)
(c:/texlive/2025/texmf-dist/tex/generic/pgf/basiclayer/pgfcorearrows.code.tex
File: pgfcorearrows.code.tex 2025-08-29 v3.1.11a (3.1.11a)
\pgfarrowsep=\dimen290
)
(c:/texlive/2025/texmf-dist/tex/generic/pgf/basiclayer/pgfcoreshade.code.tex
File: pgfcoreshade.code.tex 2025-08-29 v3.1.11a (3.1.11a)
\pgf@max=\dimen291
\pgf@sys@shading@range@num=\count331
\pgf@shadingcount=\count332
)
(c:/texlive/2025/texmf-dist/tex/generic/pgf/basiclayer/pgfcoreimage.code.tex
File: pgfcoreimage.code.tex 2025-08-29 v3.1.11a (3.1.11a)
)
(c:/texlive/2025/texmf-dist/tex/generic/pgf/basiclayer/pgfcoreexternal.code.tex
File: pgfcoreexternal.code.tex 2025-08-29 v3.1.11a (3.1.11a)
\pgfexternal@startupbox=\box68
) (c:/texlive/2025/texmf-dist/tex/generic/pgf/basiclayer/pgfcorelayers.code.tex
File: pgfcorelayers.code.tex 2025-08-29 v3.1.11a (3.1.11a)
)
(c:/texlive/2025/texmf-dist/tex/generic/pgf/basiclayer/pgfcoretransparency.code
.tex
File: pgfcoretransparency.code.tex 2025-08-29 v3.1.11a (3.1.11a)
)
(c:/texlive/2025/texmf-dist/tex/generic/pgf/basiclayer/pgfcorepatterns.code.tex
File: pgfcorepatterns.code.tex 2025-08-29 v3.1.11a (3.1.11a)
) (c:/texlive/2025/texmf-dist/tex/generic/pgf/basiclayer/pgfcorerdf.code.tex
File: pgfcorerdf.code.tex 2025-08-29 v3.1.11a (3.1.11a)
))) (c:/texlive/2025/texmf-dist/tex/generic/pgf/modules/pgfmoduleshapes.code.te
x
File: pgfmoduleshapes.code.tex 2025-08-29 v3.1.11a (3.1.11a)
\pgfnodeparttextbox=\box69
)
(c:/texlive/2025/texmf-dist/tex/generic/pgf/modules/pgfmoduleplot.code.tex
File: pgfmoduleplot.code.tex 2025-08-29 v3.1.11a (3.1.11a)
)
(c:/texlive/2025/texmf-dist/tex/latex/pgf/compatibility/pgfcomp-version-0-65.st
y
Package: pgfcomp-version-0-65 2025-08-29 v3.1.11a (3.1.11a)
\pgf@nodesepstart=\dimen292
\pgf@nodesepend=\dimen293
)
(c:/texlive/2025/texmf-dist/tex/latex/pgf/compatibility/pgfcomp-version-1-18.st
y
Package: pgfcomp-version-1-18 2025-08-29 v3.1.11a (3.1.11a)
)) (c:/texlive/2025/texmf-dist/tex/latex/pgf/utilities/pgffor.sty
(c:/texlive/2025/texmf-dist/tex/latex/pgf/utilities/pgfkeys.sty
(c:/texlive/2025/texmf-dist/tex/generic/pgf/utilities/pgfkeys.code.tex))
(c:/texlive/2025/texmf-dist/tex/latex/pgf/math/pgfmath.sty
(c:/texlive/2025/texmf-dist/tex/generic/pgf/math/pgfmath.code.tex))
(c:/texlive/2025/texmf-dist/tex/generic/pgf/utilities/pgffor.code.tex
Package: pgffor 2025-08-29 v3.1.11a (3.1.11a)
\pgffor@iter=\dimen294
\pgffor@skip=\dimen295
\pgffor@stack=\toks47
\pgffor@toks=\toks48
))
(c:/texlive/2025/texmf-dist/tex/generic/pgf/frontendlayer/tikz/tikz.code.tex
Package: tikz 2025-08-29 v3.1.11a (3.1.11a)

(c:/texlive/2025/texmf-dist/tex/generic/pgf/libraries/pgflibraryplothandlers.co
de.tex
File: pgflibraryplothandlers.code.tex 2025-08-29 v3.1.11a (3.1.11a)
\pgf@plot@mark@count=\count333
\pgfplotmarksize=\dimen296
)
\tikz@lastx=\dimen297
\tikz@lasty=\dimen298
\tikz@lastxsaved=\dimen299
\tikz@lastysaved=\dimen300
\tikz@lastmovetox=\dimen301
\tikz@lastmovetoy=\dimen302
\tikzleveldistance=\dimen303
\tikzsiblingdistance=\dimen304
\tikz@figbox=\box70
\tikz@figbox@bg=\box71
\tikz@tempbox=\box72
\tikz@tempbox@bg=\box73
\tikztreelevel=\count334
\tikznumberofchildren=\count335
\tikznumberofcurrentchild=\count336
\tikz@fig@count=\count337

(c:/texlive/2025/texmf-dist/tex/generic/pgf/modules/pgfmodulematrix.code.tex
File: pgfmodulematrix.code.tex 2025-08-29 v3.1.11a (3.1.11a)
\pgfmatrixcurrentrow=\count338
\pgfmatrixcurrentcolumn=\count339
\pgf@matrix@numberofcolumns=\count340
)
\tikz@expandcount=\count341

(c:/texlive/2025/texmf-dist/tex/generic/pgf/frontendlayer/tikz/libraries/tikzli
brarytopaths.code.tex
File: tikzlibrarytopaths.code.tex 2025-08-29 v3.1.11a (3.1.11a)
)))
(c:/texlive/2025/texmf-dist/tex/latex/pgfplots/pgfplots.sty
(c:/texlive/2025/texmf-dist/tex/generic/pgfplots/pgfplots.revision.tex)
Package: pgfplots 2025/08/14 v1.18.2 Data Visualization (1.18.2)

(c:/texlive/2025/texmf-dist/tex/generic/pgfplots/pgfplots.code.tex
(c:/texlive/2025/texmf-dist/tex/generic/pgfplots/pgfplotscore.code.tex
\t@pgfplots@toka=\toks49
\t@pgfplots@tokb=\toks50
\t@pgfplots@tokc=\toks51
\pgfplots@tmpa=\dimen305
\c@pgfplots@coordindex=\count342
\c@pgfplots@scanlineindex=\count343

(c:/texlive/2025/texmf-dist/tex/generic/pgfplots/sys/pgfplotssysgeneric.code.te
x))
(c:/texlive/2025/texmf-dist/tex/generic/pgfplots/libs/pgfplotslibrary.code.tex)

(c:/texlive/2025/texmf-dist/tex/generic/pgfplots/oldpgfcompatib/pgfplotsoldpgfs
upp_loader.code.tex
(c:/texlive/2025/texmf-dist/tex/generic/pgf/libraries/pgflibraryfpu.code.tex)
(c:/texlive/2025/texmf-dist/tex/generic/pgfplots/oldpgfcompatib/pgfplotsoldpgfs
upp_pgfutil-common-lists.tex))
(c:/texlive/2025/texmf-dist/tex/generic/pgfplots/util/pgfplotsutil.code.tex
(c:/texlive/2025/texmf-dist/tex/generic/pgfplots/liststructure/pgfplotsliststru
cture.code.tex)
(c:/texlive/2025/texmf-dist/tex/generic/pgfplots/liststructure/pgfplotsliststru
ctureext.code.tex)
(c:/texlive/2025/texmf-dist/tex/generic/pgfplots/liststructure/pgfplotsarray.co
de.tex
\c@pgfplotsarray@tmp=\count344
)
(c:/texlive/2025/texmf-dist/tex/generic/pgfplots/liststructure/pgfplotsmatrix.c
ode.tex)
(c:/texlive/2025/texmf-dist/tex/generic/pgfplots/numtable/pgfplotstableshared.c
ode.tex
\c@pgfplotstable@counta=\count345
\t@pgfplotstable@a=\toks52
)
(c:/texlive/2025/texmf-dist/tex/generic/pgfplots/liststructure/pgfplotsdeque.co
de.tex)
(c:/texlive/2025/texmf-dist/tex/generic/pgfplots/util/pgfplotsbinary.code.tex
(c:/texlive/2025/texmf-dist/tex/generic/pgfplots/util/pgfplotsbinary.data.code.
tex))
(c:/texlive/2025/texmf-dist/tex/generic/pgfplots/util/pgfplotsutil.verb.code.te
x)
(c:/texlive/2025/texmf-dist/tex/generic/pgfplots/libs/pgflibrarypgfplots.surfsh
ading.code.tex
\c@pgfplotslibrarysurf@no=\count346

(c:/texlive/2025/texmf-dist/tex/generic/pgfplots/sys/pgflibrarypgfplots.surfsha
ding.pgfsys-xetex.def
(c:/texlive/2025/texmf-dist/tex/generic/pgfplots/sys/pgflibrarypgfplots.surfsha
ding.pgfsys-dvipdfmx.def
\c@pgfplotslibrarysurf@streamlen=\count347
))))
(c:/texlive/2025/texmf-dist/tex/generic/pgfplots/util/pgfplotscolormap.code.tex
(c:/texlive/2025/texmf-dist/tex/generic/pgfplots/util/pgfplotscolor.code.tex))
(c:/texlive/2025/texmf-dist/tex/generic/pgfplots/pgfplotsstackedplots.code.tex)
(c:/texlive/2025/texmf-dist/tex/generic/pgfplots/pgfplotsplothandlers.code.tex
(c:/texlive/2025/texmf-dist/tex/generic/pgfplots/pgfplotsmeshplothandler.code.t
ex
(c:/texlive/2025/texmf-dist/tex/generic/pgfplots/pgfplotsmeshplotimage.code.tex
))) (c:/texlive/2025/texmf-dist/tex/generic/pgfplots/pgfplots.scaling.code.tex)

(c:/texlive/2025/texmf-dist/tex/generic/pgfplots/pgfplotscoordprocessing.code.t
ex)
(c:/texlive/2025/texmf-dist/tex/generic/pgfplots/pgfplots.errorbars.code.tex)
(c:/texlive/2025/texmf-dist/tex/generic/pgfplots/pgfplots.markers.code.tex)
(c:/texlive/2025/texmf-dist/tex/generic/pgfplots/pgfplotsticks.code.tex)
(c:/texlive/2025/texmf-dist/tex/generic/pgfplots/pgfplots.paths.code.tex)
(c:/texlive/2025/texmf-dist/tex/generic/pgf/frontendlayer/tikz/libraries/tikzli
brarydecorations.code.tex
(c:/texlive/2025/texmf-dist/tex/generic/pgf/modules/pgfmoduledecorations.code.t
ex
\pgfdecoratedcompleteddistance=\dimen306
\pgfdecoratedremainingdistance=\dimen307
\pgfdecoratedinputsegmentcompleteddistance=\dimen308
\pgfdecoratedinputsegmentremainingdistance=\dimen309
\pgf@decorate@distancetomove=\dimen310
\pgf@decorate@repeatstate=\count348
\pgfdecorationsegmentamplitude=\dimen311
\pgfdecorationsegmentlength=\dimen312
)
\tikz@lib@dec@box=\box74
)
(c:/texlive/2025/texmf-dist/tex/generic/pgf/frontendlayer/tikz/libraries/tikzli
brarydecorations.pathmorphing.code.tex
(c:/texlive/2025/texmf-dist/tex/generic/pgf/libraries/decorations/pgflibrarydec
orations.pathmorphing.code.tex))
(c:/texlive/2025/texmf-dist/tex/generic/pgf/frontendlayer/tikz/libraries/tikzli
brarydecorations.pathreplacing.code.tex
(c:/texlive/2025/texmf-dist/tex/generic/pgf/libraries/decorations/pgflibrarydec
orations.pathreplacing.code.tex))
(c:/texlive/2025/texmf-dist/tex/generic/pgfplots/libs/tikzlibrarypgfplots.conto
urlua.code.tex)
\pgfplots@numplots=\count349
\pgfplots@xmin@reg=\dimen313
\pgfplots@xmax@reg=\dimen314
\pgfplots@ymin@reg=\dimen315
\pgfplots@ymax@reg=\dimen316
\pgfplots@zmin@reg=\dimen317
\pgfplots@zmax@reg=\dimen318
)
(c:/texlive/2025/texmf-dist/tex/generic/pgf/frontendlayer/tikz/libraries/tikzli
braryplotmarks.code.tex
File: tikzlibraryplotmarks.code.tex 2025-08-29 v3.1.11a (3.1.11a)

(c:/texlive/2025/texmf-dist/tex/generic/pgf/libraries/pgflibraryplotmarks.code.
tex
File: pgflibraryplotmarks.code.tex 2025-08-29 v3.1.11a (3.1.11a)
))) (c:/texlive/2025/texmf-dist/tex/latex/fontspec/fontspec.sty
(c:/texlive/2025/texmf-dist/tex/latex/l3packages/xparse/xparse.sty
(c:/texlive/2025/texmf-dist/tex/latex/l3kernel/expl3.sty
Package: expl3 2025-09-02 L3 programming layer (loader) 

(c:/texlive/2025/texmf-dist/tex/latex/l3backend/l3backend-xetex.def
File: l3backend-xetex.def 2025-06-09 L3 backend support: XeTeX
\g__graphics_track_int=\count350
\g__pdfannot_backend_int=\count351
\g__pdfannot_backend_link_int=\count352
))
Package: xparse 2024-08-16 L3 Experimental document command parser
)
Package: fontspec 2025/09/29 v2.9g Font selection for XeLaTeX and LuaLaTeX

(c:/texlive/2025/texmf-dist/tex/latex/fontspec/fontspec-xetex.sty
Package: fontspec-xetex 2025/09/29 v2.9g Font selection for XeLaTeX and LuaLaTe
X
\l__fontspec_script_int=\count353
\l__fontspec_language_int=\count354
\l__fontspec_strnum_int=\count355
\l__fontspec_tmp_int=\count356
\l__fontspec_tmpa_int=\count357
\l__fontspec_tmpb_int=\count358
\l__fontspec_tmpc_int=\count359
\l__fontspec_em_int=\count360
\l__fontspec_emdef_int=\count361
\l__fontspec_strong_int=\count362
\l__fontspec_strongdef_int=\count363
\l__fontspec_tmpa_dim=\dimen319
\l__fontspec_tmpb_dim=\dimen320
\l__fontspec_tmpc_dim=\dimen321

(c:/texlive/2025/texmf-dist/tex/latex/base/fontenc.sty
Package: fontenc 2024/12/21 v2.1c Standard LaTeX package
)
(c:/texlive/2025/texmf-dist/tex/latex/fontspec/fontspec.cfg)))
(c:/texlive/2025/texmf-dist/tex/generic/babel/babel.sty
Package: babel 2025/10/01 v25.13 The multilingual framework for LuaLaTeX, pdfLa
TeX and XeLaTeX
\babel@savecnt=\count364
LaTeX Encoding Info:    Redeclaring text command \ij (encoding OT1) on input li
ne 2045.
LaTeX Encoding Info:    Redeclaring text command \IJ (encoding OT1) on input li
ne 2047.
LaTeX Encoding Info:    Redeclaring text command \ij (encoding T1) on input lin
e 2049.
LaTeX Encoding Info:    Redeclaring text command \IJ (encoding T1) on input lin
e 2050.
LaTeX Encoding Info:    Ignoring declaration for text command \ij (encoding ?) 
on input line 2051.
LaTeX Encoding Info:    Ignoring declaration for text command \IJ (encoding ?) 
on input line 2053.
LaTeX Encoding Info:    Ignoring declaration for text command \SS (encoding ?) 
on input line 2078.
\U@D=\dimen322
\l@unhyphenated=\language90

(c:/texlive/2025/texmf-dist/tex/generic/babel/xebabel.def)
\bbl@readstream=\read3
\bbl@dirlevel=\count365

(c:/texlive/2025/texmf-dist/tex/generic/babel/locale/en/babel-english.tex)
Package babel Info: Importing data for english
(babel)             from babel-en.ini. Reported on input line 4288.
)
(c:/texlive/2025/texmf-dist/tex/latex/changepage/changepage.sty
Package: changepage 2009/10/20 v1.0c check page and change page layout
\c@cp@cntr=\count366
\cp@tempcnt=\count367
)
(c:/texlive/2025/texmf-dist/tex/generic/pgfplots/libs/tikzlibrarypgfplots.group
plots.code.tex
\pgfplots@group@current@plot=\count368
\pgfplots@group@current@row=\count369
\pgfplots@group@current@column=\count370

(c:/texlive/2025/texmf-dist/tex/generic/pgf/frontendlayer/tikz/libraries/tikzli
brarycalc.code.tex
File: tikzlibrarycalc.code.tex 2025-08-29 v3.1.11a (3.1.11a)
))
(c:/texlive/2025/texmf-dist/tex/latex/pgfplots/pgfplotstable.sty
(c:/texlive/2025/texmf-dist/tex/generic/pgfplots/pgfplots.revision.tex)
Package: pgfplotstable 2025/08/14 v1.18.2 Table typesetting and Pretty-printing
 (1.18.2)

(c:/texlive/2025/texmf-dist/tex/generic/pgfplots/numtable/pgfplotstable.code.te
x
(c:/texlive/2025/texmf-dist/tex/generic/pgfplots/numtable/pgfplotstable.coltype
.code.tex)) (c:/texlive/2025/texmf-dist/tex/latex/tools/array.sty
Package: array 2025/06/08 v2.6j Tabular extension package (FMi)
\col@sep=\dimen323
\ar@mcellbox=\box75
\extrarowheight=\dimen324
\NC@list=\toks53
\extratabsurround=\skip80
\backup@length=\skip81
\ar@cellbox=\box76
))
(c:/texlive/2025/texmf-dist/tex/latex/hyperref/hyperref.sty
Package: hyperref 2025-07-12 v7.01o Hypertext links for LaTeX

(c:/texlive/2025/texmf-dist/tex/generic/iftex/iftex.sty
Package: iftex 2024/12/12 v1.0g TeX engine tests
)
(c:/texlive/2025/texmf-dist/tex/latex/kvsetkeys/kvsetkeys.sty
Package: kvsetkeys 2022-10-05 v1.19 Key value parser (HO)
)
(c:/texlive/2025/texmf-dist/tex/generic/kvdefinekeys/kvdefinekeys.sty
Package: kvdefinekeys 2019-12-19 v1.6 Define keys (HO)
)
(c:/texlive/2025/texmf-dist/tex/generic/pdfescape/pdfescape.sty
Package: pdfescape 2019/12/09 v1.15 Implements pdfTeX's escape features (HO)

(c:/texlive/2025/texmf-dist/tex/generic/ltxcmds/ltxcmds.sty
Package: ltxcmds 2023-12-04 v1.26 LaTeX kernel commands for general use (HO)
)
(c:/texlive/2025/texmf-dist/tex/generic/pdftexcmds/pdftexcmds.sty
Package: pdftexcmds 2020-06-27 v0.33 Utility functions of pdfTeX for LuaTeX (HO
)

(c:/texlive/2025/texmf-dist/tex/generic/infwarerr/infwarerr.sty
Package: infwarerr 2019/12/03 v1.5 Providing info/warning/error messages (HO)
)
Package pdftexcmds Info: \pdf@primitive is available.
Package pdftexcmds Info: \pdf@ifprimitive is available.
Package pdftexcmds Info: \pdfdraftmode not found.
))
(c:/texlive/2025/texmf-dist/tex/latex/hycolor/hycolor.sty
Package: hycolor 2020-01-27 v1.10 Color options for hyperref/bookmark (HO)
)
(c:/texlive/2025/texmf-dist/tex/latex/hyperref/nameref.sty
Package: nameref 2025-06-21 v2.57 Cross-referencing by name of section

(c:/texlive/2025/texmf-dist/tex/latex/refcount/refcount.sty
Package: refcount 2019/12/15 v3.6 Data extraction from label references (HO)
)
(c:/texlive/2025/texmf-dist/tex/generic/gettitlestring/gettitlestring.sty
Package: gettitlestring 2019/12/15 v1.6 Cleanup title references (HO)

(c:/texlive/2025/texmf-dist/tex/latex/kvoptions/kvoptions.sty
Package: kvoptions 2022-06-15 v3.15 Key value format for package options (HO)
))
\c@section@level=\count371
)
(c:/texlive/2025/texmf-dist/tex/latex/etoolbox/etoolbox.sty
Package: etoolbox 2025/10/02 v2.5m e-TeX tools for LaTeX (JAW)
\etb@tempcnta=\count372
)
(c:/texlive/2025/texmf-dist/tex/generic/stringenc/stringenc.sty
Package: stringenc 2019/11/29 v1.12 Convert strings between diff. encodings (HO
)
)
\@linkdim=\dimen325
\Hy@linkcounter=\count373
\Hy@pagecounter=\count374

(c:/texlive/2025/texmf-dist/tex/latex/hyperref/pd1enc.def
File: pd1enc.def 2025-07-12 v7.01o Hyperref: PDFDocEncoding definition (HO)
)
(c:/texlive/2025/texmf-dist/tex/generic/intcalc/intcalc.sty
Package: intcalc 2019/12/15 v1.3 Expandable calculations with integers (HO)
)
\Hy@SavedSpaceFactor=\count375

(c:/texlive/2025/texmf-dist/tex/latex/hyperref/puenc.def
File: puenc.def 2025-07-12 v7.01o Hyperref: PDF Unicode definition (HO)
)
Package hyperref Info: Hyper figures OFF on input line 4195.
Package hyperref Info: Link nesting OFF on input line 4200.
Package hyperref Info: Hyper index ON on input line 4203.
Package hyperref Info: Plain pages OFF on input line 4210.
Package hyperref Info: Backreferencing OFF on input line 4215.
Package hyperref Info: Implicit mode ON; LaTeX internals redefined.
Package hyperref Info: Bookmarks ON on input line 4462.
\c@Hy@tempcnt=\count376
LaTeX Info: Redefining \url on input line 4801.
\XeTeXLinkMargin=\dimen326

(c:/texlive/2025/texmf-dist/tex/generic/bitset/bitset.sty
Package: bitset 2019/12/09 v1.3 Handle bit-vector datatype (HO)

(c:/texlive/2025/texmf-dist/tex/generic/bigintcalc/bigintcalc.sty
Package: bigintcalc 2019/12/15 v1.5 Expandable calculations on big integers (HO
)
))
\Fld@menulength=\count377
\Field@Width=\dimen327
\Fld@charsize=\dimen328
Package hyperref Info: Hyper figures OFF on input line 6078.
Package hyperref Info: Link nesting OFF on input line 6083.
Package hyperref Info: Hyper index ON on input line 6086.
Package hyperref Info: backreferencing OFF on input line 6093.
Package hyperref Info: Link coloring OFF on input line 6098.
Package hyperref Info: Link coloring with OCG OFF on input line 6103.
Package hyperref Info: PDF/A mode OFF on input line 6108.
\Hy@abspage=\count378
\c@Item=\count379
\c@Hfootnote=\count380
)
Package hyperref Info: Driver (autodetected): hxetex.

(c:/texlive/2025/texmf-dist/tex/latex/hyperref/hxetex.def
File: hxetex.def 2025-07-12 v7.01o Hyperref driver for XeTeX
\pdfm@box=\box77
\c@Hy@AnnotLevel=\count381
\HyField@AnnotCount=\count382
\Fld@listcount=\count383
\c@bookmark@seq@number=\count384

(c:/texlive/2025/texmf-dist/tex/latex/rerunfilecheck/rerunfilecheck.sty
Package: rerunfilecheck 2025-06-21 v1.11 Rerun checks for auxiliary files (HO)

(c:/texlive/2025/texmf-dist/tex/generic/uniquecounter/uniquecounter.sty
Package: uniquecounter 2019/12/15 v1.4 Provide unlimited unique counter (HO)
)
Package uniquecounter Info: New unique counter `rerunfilecheck' on input line 2
84.
)
\Hy@SectionHShift=\skip82
)
\c@theorem=\count385
\c@proposition=\count386
\c@lemma=\count387
\c@remark=\count388

(c:/texlive/2025/texmf-dist/tex/generic/babel/locale/en/babel-english.tex)
Package babel Info: Importing data for english
(babel)             from babel-en.ini. Reported on input line 46.
Package babel Info: Hyphen rules for 'tifinagh' set to \l@english
(babel)             (\language0). Reported on input line 47.


! Package fontspec Error: 
(fontspec)                The font "Noto Sans Tifinagh" cannot be found;
(fontspec)                this may be but usually is not a fontspec bug.
(fontspec)                Either there is a typo in the font name/file, the
(fontspec)                font is not installed (correctly), or there is a
(fontspec)                bug in the underlying font loading engine
(fontspec)                (XeTeX/luaotfload).

For immediate help type H <return>.
 ...                                              
                                                  
l.54 \DeclareRobustCommand
                          {\E}{\text{\normalfont\tifinaghfont ⵟ}}

A font might not be found for many reasons.
 Check the spelling, where the font is installed etc. etc.

 When in doubt, ask someone for help!



Package fontspec Info: 
(fontspec)             Could not resolve font "Noto Sans Tifinagh/BI" (it
(fontspec)             probably doesn't exist).


Package fontspec Info: 
(fontspec)             Could not resolve font "Noto Sans Tifinagh/B" (it
(fontspec)             probably doesn't exist).


Package fontspec Info: 
(fontspec)             Could not resolve font "Noto Sans Tifinagh/I" (it
(fontspec)             probably doesn't exist).


! Package fontspec Error: 
(fontspec)                The font "Noto Sans Tifinagh" cannot be found;
(fontspec)                this may be but usually is not a fontspec bug.
(fontspec)                Either there is a typo in the font name/file, the
(fontspec)                font is not installed (correctly), or there is a
(fontspec)                bug in the underlying font loading engine
(fontspec)                (XeTeX/luaotfload).

For immediate help type H <return>.
 ...                                              
                                                  
l.54 \DeclareRobustCommand
                          {\E}{\text{\normalfont\tifinaghfont ⵟ}}

A font might not be found for many reasons.
 Check the spelling, where the font is installed etc. etc.

 When in doubt, ask someone for help!



! Package fontspec Error: 
(fontspec)                The font "Noto Sans Tifinagh" cannot be found;
(fontspec)                this may be but usually is not a fontspec bug.
(fontspec)                Either there is a typo in the font name/file, the
(fontspec)                font is not installed (correctly), or there is a
(fontspec)                bug in the underlying font loading engine
(fontspec)                (XeTeX/luaotfload).

For immediate help type H <return>.
 ...                                              
                                                  
l.54 \DeclareRobustCommand
                          {\E}{\text{\normalfont\tifinaghfont ⵟ}}

A font might not be found for many reasons.
 Check the spelling, where the font is installed etc. etc.

 When in doubt, ask someone for help!



Package fontspec Info: 
(fontspec)             Font family 'NotoSansTifinagh(0)' created for font
(fontspec)             'Noto Sans Tifinagh' with options [].
(fontspec)              
(fontspec)              This font family consists of the following NFSS
(fontspec)             series/shapes:
(fontspec)              
(fontspec)             - 'normal' (m/n) with NFSS spec.: <->"Noto Sans
(fontspec)             Tifinagh"
(fontspec)             - 'small caps'  (m/sc) with NFSS spec.: <->"Noto Sans
(fontspec)             Tifinagh"

(./lay.aux

Package babel Info: The following font families will use the default
(babel)             settings for all or some languages:
(babel)             * \rmfamily = lmr
(babel)               "[lmroman10-regular]:mapping=tex-text;" at 10.0pt
(babel)             * \sffamily = lmss
(babel)               "[lmsans10-regular]:mapping=tex-text;" at 10.0pt
(babel)             * \ttfamily = lmtt
(babel)               "[lmmono10-regular]:" at 10.0pt
(babel)             There is nothing intrinsically wrong with it, but
(babel)             'babel' will no set Script and Language, which could
(babel)             be relevant in some languages. If your document uses
(babel)             these families, consider redefining them with \babelfont.
(babel)             Reported on input line 3.

)
\openout1 = `lay.aux'.

LaTeX Font Info:    Checking defaults for OML/cmm/m/it on input line 65.
LaTeX Font Info:    ... okay on input line 65.
LaTeX Font Info:    Checking defaults for OMS/cmsy/m/n on input line 65.
LaTeX Font Info:    ... okay on input line 65.
LaTeX Font Info:    Checking defaults for OT1/cmr/m/n on input line 65.
LaTeX Font Info:    ... okay on input line 65.
LaTeX Font Info:    Checking defaults for T1/cmr/m/n on input line 65.
LaTeX Font Info:    ... okay on input line 65.
LaTeX Font Info:    Checking defaults for TS1/cmr/m/n on input line 65.
LaTeX Font Info:    ... okay on input line 65.
LaTeX Font Info:    Checking defaults for TU/lmr/m/n on input line 65.
LaTeX Font Info:    ... okay on input line 65.
LaTeX Font Info:    Checking defaults for OMX/cmex/m/n on input line 65.
LaTeX Font Info:    ... okay on input line 65.
LaTeX Font Info:    Checking defaults for U/cmr/m/n on input line 65.
LaTeX Font Info:    ... okay on input line 65.
LaTeX Font Info:    Checking defaults for PD1/pdf/m/n on input line 65.
LaTeX Font Info:    ... okay on input line 65.
LaTeX Font Info:    Checking defaults for PU/pdf/m/n on input line 65.
LaTeX Font Info:    ... okay on input line 65.
Package caption Info: Begin \AtBeginDocument code.
Package caption Info: changepage package is loaded.
\caption@adjustwidth@hsize=\dimen329
\caption@adjustwidth@linewidth=\dimen330
Package caption Info: hyperref package is loaded.
Package caption Info: wrapfig package is loaded.
Package caption Info: End \AtBeginDocument code.

Package pgfplots notification 'compat/show suggested version=true': document ha
s been generated with the most recent feature set (\pgfplotsset{compat=1.18}).


Package fontspec Info: 
(fontspec)             Adjusting the maths setup (use [no-math] to avoid
(fontspec)             this).

\symlegacymaths=\mathgroup6
LaTeX Font Info:    Overwriting symbol font `legacymaths' in version `bold'
(Font)                  OT1/cmr/m/n --> OT1/cmr/bx/n on input line 65.
LaTeX Font Info:    Redeclaring math accent \acute on input line 65.
LaTeX Font Info:    Redeclaring math accent \grave on input line 65.
LaTeX Font Info:    Redeclaring math accent \ddot on input line 65.
LaTeX Font Info:    Redeclaring math accent \tilde on input line 65.
LaTeX Font Info:    Redeclaring math accent \bar on input line 65.
LaTeX Font Info:    Redeclaring math accent \breve on input line 65.
LaTeX Font Info:    Redeclaring math accent \check on input line 65.
LaTeX Font Info:    Redeclaring math accent \hat on input line 65.
LaTeX Font Info:    Redeclaring math accent \dot on input line 65.
LaTeX Font Info:    Redeclaring math accent \mathring on input line 65.
LaTeX Font Info:    Redeclaring math symbol \Gamma on input line 65.
LaTeX Font Info:    Redeclaring math symbol \Delta on input line 65.
LaTeX Font Info:    Redeclaring math symbol \Theta on input line 65.
LaTeX Font Info:    Redeclaring math symbol \Lambda on input line 65.
LaTeX Font Info:    Redeclaring math symbol \Xi on input line 65.
LaTeX Font Info:    Redeclaring math symbol \Pi on input line 65.
LaTeX Font Info:    Redeclaring math symbol \Sigma on input line 65.
LaTeX Font Info:    Redeclaring math symbol \Upsilon on input line 65.
LaTeX Font Info:    Redeclaring math symbol \Phi on input line 65.
LaTeX Font Info:    Redeclaring math symbol \Psi on input line 65.
LaTeX Font Info:    Redeclaring math symbol \Omega on input line 65.
LaTeX Font Info:    Redeclaring math symbol \mathdollar on input line 65.
LaTeX Font Info:    Redeclaring symbol font `operators' on input line 65.
LaTeX Font Info:    Encoding `OT1' has changed to `TU' for symbol font
(Font)              `operators' in the math version `normal' on input line 65.
LaTeX Font Info:    Overwriting symbol font `operators' in version `normal'
(Font)                  OT1/cmr/m/n --> TU/lmr/m/n on input line 65.
LaTeX Font Info:    Encoding `OT1' has changed to `TU' for symbol font
(Font)              `operators' in the math version `bold' on input line 65.
LaTeX Font Info:    Overwriting symbol font `operators' in version `bold'
(Font)                  OT1/cmr/bx/n --> TU/lmr/m/n on input line 65.
LaTeX Font Info:    Overwriting symbol font `operators' in version `normal'
(Font)                  TU/lmr/m/n --> TU/lmr/m/n on input line 65.
LaTeX Font Info:    Overwriting math alphabet `\mathit' in version `normal'
(Font)                  OT1/cmr/m/it --> TU/lmr/m/it on input line 65.
LaTeX Font Info:    Overwriting math alphabet `\mathbf' in version `normal'
(Font)                  OT1/cmr/bx/n --> TU/lmr/b/n on input line 65.
LaTeX Font Info:    Overwriting math alphabet `\mathsf' in version `normal'
(Font)                  OT1/cmss/m/n --> TU/lmss/m/n on input line 65.
LaTeX Font Info:    Overwriting math alphabet `\mathtt' in version `normal'
(Font)                  OT1/cmtt/m/n --> TU/lmtt/m/n on input line 65.
LaTeX Font Info:    Overwriting symbol font `operators' in version `bold'
(Font)                  TU/lmr/m/n --> TU/lmr/b/n on input line 65.
LaTeX Font Info:    Overwriting math alphabet `\mathit' in version `bold'
(Font)                  OT1/cmr/bx/it --> TU/lmr/b/it on input line 65.
LaTeX Font Info:    Overwriting math alphabet `\mathsf' in version `bold'
(Font)                  OT1/cmss/bx/n --> TU/lmss/b/n on input line 65.
LaTeX Font Info:    Overwriting math alphabet `\mathtt' in version `bold'
(Font)                  OT1/cmtt/m/n --> TU/lmtt/b/n on input line 65.
Package hyperref Info: Link coloring OFF on input line 65.
(./lay.out) (./lay.out)
\@outlinefile=\write4
\openout4 = `lay.out'.



Package hyperref Warning: Token not allowed in a PDF string (Unicode):
(hyperref)                removing `\\' on input line 84.



*******************************************************
Title exceeds size limitations for running head.
Please supply a shorter form for the running head
with \icmltitlerunning{...} prior to \begin{document}
*******************************************************


\c@@affil@anon=\count389
LaTeX Font Info:    Trying to load font information for U+msa on input line 84.

(c:/texlive/2025/texmf-dist/tex/latex/amsfonts/umsa.fd
File: umsa.fd 2013/01/14 v3.01 AMS symbols A
)
LaTeX Font Info:    Trying to load font information for U+msb on input line 84.


(c:/texlive/2025/texmf-dist/tex/latex/amsfonts/umsb.fd
File: umsb.fd 2013/01/14 v3.01 AMS symbols B
)

Package hyperref Warning: Ignoring empty anchor on input line 86.


Package natbib Warning: Citation `Author2026Concurrent' on page 1 undefined on 
input line 92.


Package natbib Warning: Citation `rahimi2007random' on page 1 undefined on inpu
t line 93.


Underfull \hbox (badness 1152) in paragraph at lines 92--95
\TU/lmr/m/n/10 enables linear‑time $\OML/cmm/m/it/10 O\OT1/cmr/m/n/10 (\OML/cmm
/m/it/10 L\OT1/cmr/m/n/10 )$ \TU/lmr/m/n/10 attention. We
 []


Underfull \hbox (badness 2050) in paragraph at lines 92--95
\TU/lmr/m/n/10 duces well‑defined, nonnegative attention
 []


Package natbib Warning: Citation `transformers-base' on page 1 undefined on inp
ut line 103.


Package natbib Warning: Citation `vit' on page 1 undefined on input line 103.


Package natbib Warning: Citation `bert' on page 1 undefined on input line 103.


Package natbib Warning: Citation `brown' on page 1 undefined on input line 103.



Package natbib Warning: Citation `longt5' on page 1 undefined on input line 103
.


Package natbib Warning: Citation `bigbird' on page 1 undefined on input line 10
3.


Package natbib Warning: Citation `yaofu' on page 1 undefined on input line 103.



Underfull \vbox (badness 1314) has occurred while \output is active []




Package natbib Warning: Citation `reformer' on page 1 undefined on input line 1
06.


Package natbib Warning: Citation `routing' on page 1 undefined on input line 10
6.


Package natbib Warning: Citation `lsh-transformer' on page 1 undefined on input
 line 106.


Package natbib Warning: Citation `clustr' on page 1 undefined on input line 106
.


Package natbib Warning: Citation `performers' on page 1 undefined on input line
 106.


Package natbib Warning: Citation `performer2' on page 1 undefined on input line
 106.


Package natbib Warning: Citation `chefs' on page 1 undefined on input line 106.



Package natbib Warning: Citation `dense-exponential' on page 1 undefined on inp
ut line 106.


Package natbib Warning: Citation `luo' on page 1 undefined on input line 106.


Package natbib Warning: Citation `fft-t' on page 1 undefined on input line 106.



Package natbib Warning: Citation `arora' on page 1 undefined on input line 106.



Package natbib Warning: Citation `random-features' on page 1 undefined on input
 line 106.


Package natbib Warning: Citation `sinks' on page 1 undefined on input line 106.



Package natbib Warning: Citation `Author2026Concurrent' on page 1 undefined on 
input line 108.

! Font TU/NotoSansTifinagh(0)/m/n/10="Noto Sans Tifinagh" at 10.0pt not loadabl
e: Metric (TFM) file or installed font not found.
<to be read again> 
                   relax 
l.110 ... (NMNs)} introduced the \emph{\E-Product}
                                                  , also referred to as the ...
I wasn't able to read the size data for this font,
so I will ignore the font specification.
[Wizards can fix TFM files using TFtoPL/PLtoTF.]
You might try inserting a different font spec;
e.g., type `I\font<same font id>=<substitute font name>'.

Missing character: There is no ⵟ ("2D5F) in font nullfont!

Package natbib Warning: Citation `Author2026Concurrent' on page 1 undefined on 
input line 110.

Missing character: There is no ⵟ ("2D5F) in font nullfont!
Missing character: There is no ⵟ ("2D5F) in font nullfont!
! Font TU/NotoSansTifinagh(0)/m/n/7="Noto Sans Tifinagh" at 7.0pt not loadable:
 Metric (TFM) file or installed font not found.
<to be read again> 
                   relax 
l.112 \E
        (\mathbf{q},\mathbf{k}) \overset{\mathrm{def}}{=} \frac{(\mathbf{q}^...
I wasn't able to read the size data for this font,
so I will ignore the font specification.
[Wizards can fix TFM files using TFtoPL/PLtoTF.]
You might try inserting a different font spec;
e.g., type `I\font<same font id>=<substitute font name>'.

Missing character: There is no ⵟ ("2D5F) in font nullfont!
! Font TU/NotoSansTifinagh(0)/m/n/5="Noto Sans Tifinagh" at 5.0pt not loadable:
 Metric (TFM) file or installed font not found.
<to be read again> 
                   relax 
l.112 \E
        (\mathbf{q},\mathbf{k}) \overset{\mathrm{def}}{=} \frac{(\mathbf{q}^...
I wasn't able to read the size data for this font,
so I will ignore the font specification.
[Wizards can fix TFM files using TFtoPL/PLtoTF.]
You might try inserting a different font spec;
e.g., type `I\font<same font id>=<substitute font name>'.

Missing character: There is no ⵟ ("2D5F) in font nullfont!
Missing character: There is no ⵟ ("2D5F) in font nullfont!


[1



]
Missing character: There is no ⵟ ("2D5F) in font nullfont!
Missing character: There is no ⵟ ("2D5F) in font nullfont!

Package natbib Warning: Citation `Author2026Concurrent' on page 2 undefined on 
input line 117.

Missing character: There is no ⵟ ("2D5F) in font nullfont!
Missing character: There is no ⵟ ("2D5F) in font nullfont!

Package natbib Warning: Citation `performers' on page 2 undefined on input line
 117.


Package natbib Warning: Citation `hedgehog' on page 2 undefined on input line 1
17.


Package natbib Warning: Citation `insuhan' on page 2 undefined on input line 11
7.

Missing character: There is no ⵟ ("2D5F) in font nullfont!
Missing character: There is no ⵟ ("2D5F) in font nullfont!
Missing character: There is no ⵟ ("2D5F) in font nullfont!


Missing character: There is no ⵟ ("2D5F) in font nullfont!
Missing character: There is no ⵟ ("2D5F) in font nullfont!
Missing character: There is no ⵟ ("2D5F) in font nullfont!
Missing character: There is no ⵟ ("2D5F) in font nullfont!
Missing character: There is no ⵟ ("2D5F) in font nullfont!
Missing character: There is no ⵟ ("2D5F) in font nullfont!
Missing character: There is no ⵟ ("2D5F) in font nullfont!
Missing character: There is no ⵟ ("2D5F) in font nullfont!
Missing character: There is no ⵟ ("2D5F) in font nullfont!
Missing character: There is no ⵟ ("2D5F) in font nullfont!
Missing character: There is no ⵟ ("2D5F) in font nullfont!
Missing character: There is no ⵟ ("2D5F) in font nullfont!
Missing character: There is no ⵟ ("2D5F) in font nullfont!
Missing character: There is no ⵟ ("2D5F) in font nullfont!
Missing character: There is no ⵟ ("2D5F) in font nullfont!
Missing character: There is no ⵟ ("2D5F) in font nullfont!
Missing character: There is no ⵟ ("2D5F) in font nullfont!
Missing character: There is no ⵟ ("2D5F) in font nullfont!
Missing character: There is no ⵟ ("2D5F) in font nullfont!
Missing character: There is no ⵟ ("2D5F) in font nullfont!
Missing character: There is no ⵟ ("2D5F) in font nullfont!

Package natbib Warning: Citation `performers' on page 2 undefined on input line
 145.


Underfull \hbox (badness 4595) in paragraph at lines 146--147
[]\TU/lmr/m/n/10 applying standard matrix multiplication re-
 []

Missing character: There is no ⵟ ("2D5F) in font nullfont!

Overfull \hbox (32.76508pt too wide) detected at line 159
[][][][] \OT1/cmr/m/n/10 = [][] \OML/cmm/m/it/10 e[] ds \OT1/cmr/m/n/10 = [][] 
\OML/cmm/m/it/10 e[] \OMS/cmsy/m/n/10 ^^A \OML/cmm/m/it/10 e[] ds:
 []

Missing character: There is no ⵟ ("2D5F) in font nullfont!


[2]
Missing character: There is no ⵟ ("2D5F) in font nullfont!
Missing character: There is no ⵟ ("2D5F) in font nullfont!
Missing character: There is no ⵟ ("2D5F) in font nullfont!
Missing character: There is no ⵟ ("2D5F) in font nullfont!
Missing character: There is no ⵟ ("2D5F) in font nullfont!

Package natbib Warning: Citation `rahimi2007random' on page 3 undefined on inpu
t line 174.


Package natbib Warning: Citation `pham2013' on page 3 undefined on input line 2
01.


Package natbib Warning: Citation `karkarnick2012' on page 3 undefined on input 
line 201.


Package natbib Warning: Citation `williams2001nystrom' on page 3 undefined on i
nput line 201.




Package natbib Warning: Citation `scholkopf2002learning' on page 3 undefined on
 input line 204.


Package natbib Warning: Citation `pham2013' on page 3 undefined on input line 2
22.


Package natbib Warning: Citation `karkarnick2012' on page 3 undefined on input 
line 223.


Package natbib Warning: Citation `williams2001nystrom' on page 3 undefined on i
nput line 224.


Package natbib Warning: Citation `scholkopf2002learning' on page 3 undefined on
 input line 225.


Underfull \hbox (badness 1102) in paragraph at lines 230--231
\TU/lmr/m/n/10 nomial component whose induced score estimates
 []


Underfull \hbox (badness 1072) in paragraph at lines 230--231
\TU/lmr/m/n/10 are nonnegative (e.g., the exact map, or anchor
 []


Underfull \hbox (badness 1067) in paragraph at lines 230--231
\TU/lmr/m/n/10 sorSketch, Random Maclaurin) and Nystrom fea-
 []


LaTeX Warning: Reference `eq:integral' on page 3 undefined on input line 236.


Package natbib Warning: Citation `performers' on page 3 undefined on input line
 236.


Package natbib Warning: Citation `performers' on page 3 undefined on input line
 255.



[3]

LaTeX Warning: Reference `eq:integral' on page 4 undefined on input line 275.


Package natbib Warning: Citation `higham2002' on page 4 undefined on input line
 296.

Missing character: There is no ⵟ ("2D5F) in font nullfont!
Missing character: There is no ⵟ ("2D5F) in font nullfont!
Missing character: There is no ⵟ ("2D5F) in font nullfont!
Missing character: There is no ⵟ ("2D5F) in font nullfont!


Package hyperref Info: bookmark level for unknown algorithm defaults to 0 on in
put line 301.
Missing character: There is no ⵟ ("2D5F) in font nullfont!
Missing character: There is no ⵟ ("2D5F) in font nullfont!


[4]
Missing character: There is no ⵟ ("2D5F) in font nullfont!
Missing character: There is no ⵟ ("2D5F) in font nullfont!

Overfull \hbox (11.74634pt too wide) in paragraph at lines 348--363
 [][] 
 []



File: assets/decision_boundaries.pdf Graphic file (type pdf)
<assets/decision_boundaries.pdf>
! Font TU/NotoSansTifinagh(0)/m/n/9="Noto Sans Tifinagh" at 9.0pt not loadable:
 Metric (TFM) file or installed font not found.
<to be read again> 
                   relax 
l.372 ...cal \E-kernel. \textbf{(f)} LAY (Anchor)}
                                                  
I wasn't able to read the size data for this font,
so I will ignore the font specification.
[Wizards can fix TFM files using TFtoPL/PLtoTF.]
You might try inserting a different font spec;
e.g., type `I\font<same font id>=<substitute font name>'.

Missing character: There is no ⵟ ("2D5F) in font nullfont!
Missing character: There is no ⵟ ("2D5F) in font nullfont!
Missing character: There is no ⵟ ("2D5F) in font nullfont!
Missing character: There is no ⵟ ("2D5F) in font nullfont!

Package natbib Warning: Citation `cosformer' on page 5 undefined on input line 
386.


Package natbib Warning: Citation `performers' on page 5 undefined on input line
 386.


Package natbib Warning: Citation `cosformer' on page 5 undefined on input line 
386.


Package natbib Warning: Citation `performers' on page 5 undefined on input line
 386.

Package pgfplots info on input line 448: Using 'lua backend=false' for axis: xm
ode=log unsupported (yet).
Package pgfplots info on input line 483: Using 'lua backend=false' for axis: xm
ode=log unsupported (yet).
Package pgfplots info on input line 518: Using 'lua backend=false' for axis: xm
ode=log unsupported (yet).

Overfull \hbox (4.89864pt too wide) in paragraph at lines 550--551
 [][] 
 []



[5]
Underfull \vbox (badness 10000) has occurred while \output is active []




Underfull \vbox (badness 4303) has occurred while \output is active []



[6]

Package pgfplots info on input line 937: Using 'lua backend=false' for axis: ym
ode=log unsupported (yet).


[7]
Underfull \hbox (badness 3375) in paragraph at lines 1159--1160
[]\TU/lmr/m/n/10 We show theoretically that LAY preserves key
 []


Underfull \hbox (badness 1735) in paragraph at lines 1159--1160
\TU/lmr/m/n/10 structural properties of the $\U/msb/m/n/10 E$\TU/lmr/m/n/10 ‑pr
oduct, including
 []


Underfull \vbox (badness 10000) has occurred while \output is active []



No file lay.bbl.


[8]
Missing character: There is no ⵟ ("2D5F) in font nullfont!
Missing character: There is no ⵟ ("2D5F) in font nullfont!
Missing character: There is no ⵟ ("2D5F) in font nullfont!
Missing character: There is no ⵟ ("2D5F) in font nullfont!
Missing character: There is no ⵟ ("2D5F) in font nullfont!
Missing character: There is no ⵟ ("2D5F) in font nullfont!

Package natbib Warning: Citation `schoenberg1942' on page 9 undefined on input 
line 1226.

Missing character: There is no ⵟ ("2D5F) in font nullfont!
Missing character: There is no ⵟ ("2D5F) in font nullfont!
Missing character: There is no ⵟ ("2D5F) in font nullfont!
Missing character: There is no ⵟ ("2D5F) in font nullfont!
Missing character: There is no ⵟ ("2D5F) in font nullfont!
Missing character: There is no ⵟ ("2D5F) in font nullfont!
Missing character: There is no ⵟ ("2D5F) in font nullfont!
Missing character: There is no ⵟ ("2D5F) in font nullfont!
Missing character: There is no ⵟ ("2D5F) in font nullfont!
Missing character: There is no ⵟ ("2D5F) in font nullfont!
Missing character: There is no ⵟ ("2D5F) in font nullfont!
Missing character: There is no ⵟ ("2D5F) in font nullfont!

Underfull \hbox (badness 1983) in paragraph at lines 1231--1240
[]\TU/lmr/bx/n/10 Remark 3 \TU/lmr/m/n/10 (Geometric Invariances)\TU/lmr/bx/n/1
0 . []\TU/lmr/m/it/10 The spherical $[]$-product is invariant under (i) rotatio
ns:
 []

Missing character: There is no ⵟ ("2D5F) in font nullfont!
Missing character: There is no ⵟ ("2D5F) in font nullfont!
Missing character: There is no ⵟ ("2D5F) in font nullfont!
Missing character: There is no ⵟ ("2D5F) in font nullfont!

Package natbib Warning: Citation `aronszajn1950' on page 9 undefined on input l
ine 1280.


Package natbib Warning: Citation `scholkopf2002learning' on page 9 undefined on
 input line 1280.


Package natbib Warning: Citation `aronszajn1950' on page 9 undefined on input l
ine 1293.


Package natbib Warning: Citation `berlinet2004' on page 9 undefined on input li
ne 1293.



[9


]

Package natbib Warning: Citation `karkarnick2012' on page 10 undefined on input
 line 1319.


Package natbib Warning: Citation `williams2001nystrom' on page 10 undefined on 
input line 1338.

Missing character: There is no ⵟ ("2D5F) in font nullfont!
! Font TU/NotoSansTifinagh(0)/m/n/12="Noto Sans Tifinagh" at 12.0pt not loadabl
e: Metric (TFM) file or installed font not found.
<to be read again> 
                   relax 
l.1399 ...resentation of the Spherical \E-Product}
                                                  
I wasn't able to read the size data for this font,
so I will ignore the font specification.
[Wizards can fix TFM files using TFtoPL/PLtoTF.]
You might try inserting a different font spec;
e.g., type `I\font<same font id>=<substitute font name>'.

Missing character: There is no ⵟ ("2D5F) in font nullfont!

Package hyperref Warning: Token not allowed in a PDF string (Unicode):
(hyperref)                removing `\tifinaghfont' on input line 1399.

Missing character: There is no ⵟ ("2D5F) in font nullfont!
Missing character: There is no ⵟ ("2D5F) in font nullfont!
Missing character: There is no ⵟ ("2D5F) in font nullfont!
Missing character: There is no ⵟ ("2D5F) in font nullfont!
Missing character: There is no ⵟ ("2D5F) in font nullfont!
Missing character: There is no ⵟ ("2D5F) in font nullfont!
Missing character: There is no ⵟ ("2D5F) in font nullfont!
Missing character: There is no ⵟ ("2D5F) in font nullfont!
Missing character: There is no ⵟ ("2D5F) in font nullfont!
Missing character: There is no ⵟ ("2D5F) in font nullfont!
Missing character: There is no ⵟ ("2D5F) in font nullfont!
Missing character: There is no ⵟ ("2D5F) in font nullfont!
Missing character: There is no ⵟ ("2D5F) in font nullfont!
Missing character: There is no ⵟ ("2D5F) in font nullfont!
Missing character: There is no ⵟ ("2D5F) in font nullfont!
Missing character: There is no ⵟ ("2D5F) in font nullfont!


[10]

LaTeX Warning: Reference `eq:integral' on page 11 undefined on input line 1439.


Missing character: There is no ⵟ ("2D5F) in font nullfont!
Missing character: There is no ⵟ ("2D5F) in font nullfont!
Missing character: There is no ⵟ ("2D5F) in font nullfont!
Missing character: There is no ⵟ ("2D5F) in font nullfont!
Missing character: There is no ⵟ ("2D5F) in font nullfont!


[11]
Missing character: There is no ⵟ ("2D5F) in font nullfont!
Missing character: There is no ⵟ ("2D5F) in font nullfont!
Missing character: There is no ⵟ ("2D5F) in font nullfont!

Package natbib Warning: Citation `performers' on page 12 undefined on input lin
e 1597.



[12]
Missing character: There is no ⵟ ("2D5F) in font nullfont!
Missing character: There is no ⵟ ("2D5F) in font nullfont!


[13]

Package natbib Warning: Citation `widder1941laplace' on page 14 undefined on in
put line 1757.


Package natbib Warning: Citation `schilling2012' on page 14 undefined on input 
line 1757.


Package natbib Warning: Citation `aronszajn1950' on page 14 undefined on input 
line 1759.


Package natbib Warning: Citation `scholkopf2002learning' on page 14 undefined o
n input line 1759.


Package natbib Warning: Citation `performers' on page 14 undefined on input lin
e 1761.


Package natbib Warning: Citation `davis1984' on page 14 undefined on input line
 1764.


Package natbib Warning: Citation `gautschi2004' on page 14 undefined on input l
ine 1764.


Package natbib Warning: Citation `higham2002' on page 14 undefined on input lin
e 1765.


Underfull \vbox (badness 10000) has occurred while \output is active []



[14]
Missing character: There is no ⵟ ("2D5F) in font nullfont!
Missing character: There is no ⵟ ("2D5F) in font nullfont!
Missing character: There is no ⵟ ("2D5F) in font nullfont!
Missing character: There is no ⵟ ("2D5F) in font nullfont!
Missing character: There is no ⵟ ("2D5F) in font nullfont!
Missing character: There is no ⵟ ("2D5F) in font nullfont!
Missing character: There is no ⵟ ("2D5F) in font nullfont!
Missing character: There is no ⵟ ("2D5F) in font nullfont!
Missing character: There is no ⵟ ("2D5F) in font nullfont!
Missing character: There is no ⵟ ("2D5F) in font nullfont!


[15]
Missing character: There is no ⵟ ("2D5F) in font nullfont!
Missing character: There is no ⵟ ("2D5F) in font nullfont!
Missing character: There is no ⵟ ("2D5F) in font nullfont!
Missing character: There is no ⵟ ("2D5F) in font nullfont!
Missing character: There is no ⵟ ("2D5F) in font nullfont!
Missing character: There is no ⵟ ("2D5F) in font nullfont!
Missing character: There is no ⵟ ("2D5F) in font nullfont!
Missing character: There is no ⵟ ("2D5F) in font nullfont!
Missing character: There is no ⵟ ("2D5F) in font nullfont!
Missing character: There is no ⵟ ("2D5F) in font nullfont!
Missing character: There is no ⵟ ("2D5F) in font nullfont!
Missing character: There is no ⵟ ("2D5F) in font nullfont!
Missing character: There is no ⵟ ("2D5F) in font nullfont!
Missing character: There is no ⵟ ("2D5F) in font nullfont!
Missing character: There is no ⵟ ("2D5F) in font nullfont!
Missing character: There is no ⵟ ("2D5F) in font nullfont!

Package hyperref Warning: Token not allowed in a PDF string (Unicode):
(hyperref)                removing `math shift' on input line 1990.


Package hyperref Warning: Token not allowed in a PDF string (Unicode):
(hyperref)                removing `\tifinaghfont' on input line 1990.


Package hyperref Warning: Token not allowed in a PDF string (Unicode):
(hyperref)                removing `math shift' on input line 1990.

Missing character: There is no ⵟ ("2D5F) in font nullfont!
Missing character: There is no ⵟ ("2D5F) in font nullfont!
Missing character: There is no ⵟ ("2D5F) in font nullfont!
Missing character: There is no ⵟ ("2D5F) in font nullfont!
Missing character: There is no ⵟ ("2D5F) in font nullfont!
Missing character: There is no ⵟ ("2D5F) in font nullfont!
Missing character: There is no ⵟ ("2D5F) in font nullfont!
Missing character: There is no ⵟ ("2D5F) in font nullfont!
File: assets/kernel_comparison.pdf Graphic file (type pdf)
<assets/kernel_comparison.pdf>
Missing character: There is no ⵟ ("2D5F) in font nullfont!
Missing character: There is no ⵟ ("2D5F) in font nullfont!
! Font TU/NotoSansTifinagh(0)/m/n/6="Noto Sans Tifinagh" at 6.0pt not loadable:
 Metric (TFM) file or installed font not found.
<to be read again> 
                   relax 
l.1998 ...like softmax which grows without bound.}
                                                  
I wasn't able to read the size data for this font,
so I will ignore the font specification.
[Wizards can fix TFM files using TFtoPL/PLtoTF.]
You might try inserting a different font spec;
e.g., type `I\font<same font id>=<substitute font name>'.

Missing character: There is no ⵟ ("2D5F) in font nullfont!
Missing character: There is no ⵟ ("2D5F) in font nullfont!
Missing character: There is no ⵟ ("2D5F) in font nullfont!
Missing character: There is no ⵟ ("2D5F) in font nullfont!
Missing character: There is no ⵟ ("2D5F) in font nullfont!
Missing character: There is no ⵟ ("2D5F) in font nullfont!
File: assets/kernel_angle.pdf Graphic file (type pdf)
<assets/kernel_angle.pdf>
File: assets/kernel_derivatives.pdf Graphic file (type pdf)
<assets/kernel_derivatives.pdf>


[16]

[17]
File: assets/denominator_histogram.pdf Graphic file (type pdf)
<assets/denominator_histogram.pdf>
File: assets/denominator_stability.pdf Graphic file (type pdf)
<assets/denominator_stability.pdf>

Missing character: There is no ⵟ ("2D5F) in font nullfont!
Missing character: There is no ⵟ ("2D5F) in font nullfont!
Missing character: There is no ⵟ ("2D5F) in font nullfont!
Missing character: There is no ⵟ ("2D5F) in font nullfont!

LaTeX Warning: Reference `eq:integral' on page 18 undefined on input line 2049.


File: assets/quadrature_convergence.pdf Graphic file (type pdf)
<assets/quadrature_convergence.pdf>
File: assets/quadrature_nodes.pdf Graphic file (type pdf)
<assets/quadrature_nodes.pdf>


[18]

LaTeX Warning: Reference `fig:expected-contribution' on page 19 undefined on in
put line 2071.

File: assets/quadrature_contributions.pdf Graphic file (type pdf)
<assets/quadrature_contributions.pdf>

LaTeX Warning: Reference `fig:error-features' on page 19 undefined on input lin
e 2084.

File: assets/approximation_quality.pdf Graphic file (type pdf)
<assets/approximation_quality.pdf>

LaTeX Warning: Reference `fig:error-features' on page 19 undefined on input lin
e 2093.


LaTeX Warning: Reference `fig:entropy-similarity' on page 19 undefined on input
 line 2101.


Underfull \vbox (badness 7814) has occurred while \output is active []



[19]

[20]

LaTeX Warning: File `assets/attention_patterns.pdf' not found on input line 210
9.

! Unable to load picture or PDF file 'assets/attention_patterns.pdf'.
<to be read again> 
                   }
l.2109 ...extwidth]{assets/attention_patterns.pdf}
                                                  
The requested image couldn't be read because
it was not a recognized image format.


! Package graphics Error: Division by 0.

See the graphics package documentation for explanation.
Type  H <return>  for immediate help.
 ...                                              
                                                  
l.2109 ...extwidth]{assets/attention_patterns.pdf}
                                                  
Your command was ignored.
Type  I <command> <return>  to replace it with another command,
or  <return>  to continue without it.

File: assets/attention_patterns.pdf Graphic file (type pdf)
<assets/attention_patterns.pdf>

LaTeX Warning: File `assets/attention_comparison.pdf' not found on input line 2
118.

! Unable to load picture or PDF file 'assets/attention_comparison.pdf'.
<to be read again> 
                   }
l.2118 ...twidth]{assets/attention_comparison.pdf}
                                                  
The requested image couldn't be read because
it was not a recognized image format.


! Package graphics Error: Division by 0.

See the graphics package documentation for explanation.
Type  H <return>  for immediate help.
 ...                                              
                                                  
l.2118 ...twidth]{assets/attention_comparison.pdf}
                                                  
Your command was ignored.
Type  I <command> <return>  to replace it with another command,
or  <return>  to continue without it.

File: assets/attention_comparison.pdf Graphic file (type pdf)
<assets/attention_comparison.pdf>
File: assets/spherical_heatmap.pdf Graphic file (type pdf)
<assets/spherical_heatmap.pdf>
File: assets/spherical_polar.pdf Graphic file (type pdf)
<assets/spherical_polar.pdf>
File: assets/scaling_with_exact.pdf Graphic file (type pdf)
<assets/scaling_with_exact.pdf>
Missing character: There is no ⵟ ("2D5F) in font nullfont!
Missing character: There is no ⵟ ("2D5F) in font nullfont!
Missing character: There is no ⵟ ("2D5F) in font nullfont!
Missing character: There is no ⵟ ("2D5F) in font nullfont!
! Undefined control sequence.
<recently read> \bm 
                    
l.2169 \textbf{Method} & \textbf{Type} & $\bm
                                             {\epsilon}$ & \textbf{Parameter...
The control sequence at the end of the top line
of your error message was never \def'ed. If you have
misspelled it (e.g., `\hobx'), type `I' and the correct
spelling (e.g., `I\hbox'). Otherwise just continue,
and I'll forget about whatever was undefined.


Package natbib Warning: There were undefined citations.



[21]

[22] (./lay.aux)
 ***********
LaTeX2e <2025-06-01> patch level 1
L3 programming layer <2025-09-02>
 ***********


LaTeX Warning: There were undefined references.


LaTeX Warning: Label(s) may have changed. Rerun to get cross-references right.

Package rerunfilecheck Info: File `lay.out' has not changed.
(rerunfilecheck)             Checksum: CA75D8E91D59A66F375589A4B794F40A;7162.
 ) 
Here is how much of TeX's memory you used:
 39100 strings out of 468389
 939449 string characters out of 5444296
 1598433 words of memory out of 5000000
 66968 multiletter control sequences out of 15000+600000
 635855 words of font info for 97 fonts, out of 8000000 for 9000
 1348 hyphenation exceptions out of 8191
 84i,17n,87p,1119b,2498s stack positions out of 10000i,1000n,20000p,200000b,200000s
