\BOOKMARK [1][-]{section.1}{\376\377\000I\000n\000t\000r\000o\000d\000u\000c\000t\000i\000o\000n\000\040\000\046\000\040\000R\000e\000l\000a\000t\000e\000d\000\040\000W\000o\000r\000k}{}% 1
\BOOKMARK [1][-]{section.2}{\376\377\000L\000A\000Y\000\040\000M\000e\000c\000h\000a\000n\000i\000s\000m}{}% 2
\BOOKMARK [2][-]{subsection.2.1}{\376\377\000P\000r\000e\000l\000i\000m\000i\000n\000a\000r\000i\000e\000s}{section.2}% 3
\BOOKMARK [2][-]{subsection.2.2}{\376\377\000I\000n\000t\000e\000g\000r\000a\000l\000\040\000L\000i\000n\000e\000a\000r\000i\000z\000a\000t\000i\000o\000n\000\040\000v\000i\000a\000\040\000R\000B\000F\000\040\000K\000e\000r\000n\000e\000l\000s}{section.2}% 4
\BOOKMARK [2][-]{subsection.2.3}{\376\377\000Q\000u\000a\000d\000r\000a\000t\000u\000r\000e\000\040\000D\000i\000s\000c\000r\000e\000t\000i\000z\000a\000t\000i\000o\000n}{section.2}% 5
\BOOKMARK [3][-]{subsubsection.2.3.1}{\376\377\000P\000o\000l\000y\000n\000o\000m\000i\000a\000l\000\040\000a\000n\000d\000\040\000E\000x\000p\000o\000n\000e\000n\000t\000i\000a\000l\000\040\000R\000F\000s}{subsection.2.3}% 6
\BOOKMARK [3][-]{subsubsection.2.3.2}{\376\377\000F\000u\000s\000i\000n\000g\000\040\000R\000F\000s\000\040\000f\000o\000r\000\040\000P\000o\000l\000y\000n\000o\000m\000i\000a\000l\000\040\000\046\000\040\000E\000x\000p\000o\000n\000e\000n\000t\000i\000a\000l\000\040\000K\000e\000r\000n\000e\000l\000s}{subsection.2.3}% 7
\BOOKMARK [2][-]{subsection.2.4}{\376\377\000L\000i\000n\000e\000a\000r\000-\000T\000i\000m\000e\000\040\000A\000t\000t\000e\000n\000t\000i\000o\000n\000\040\000C\000o\000m\000p\000u\000t\000a\000t\000i\000o\000n}{section.2}% 8
\BOOKMARK [1][-]{section.3}{\376\377\000E\000x\000p\000e\000r\000i\000m\000e\000n\000t\000s}{}% 9
\BOOKMARK [2][-]{subsection.3.1}{\376\377\000P\000o\000l\000y\000n\000o\000m\000i\000a\000l\000\040\000F\000a\000c\000t\000o\000r\000\040\000A\000p\000p\000r\000o\000x\000i\000m\000a\000t\000i\000o\000n}{section.3}% 10
\BOOKMARK [2][-]{subsection.3.2}{\376\377\000C\000o\000m\000p\000u\000t\000a\000t\000i\000o\000n\000a\000l\000\040\000C\000o\000s\000t\000s}{section.3}% 11
\BOOKMARK [2][-]{subsection.3.3}{\376\377\000L\000A\000Y\000\040\000o\000n\000\040\000S\000y\000n\000t\000h\000e\000t\000i\000c\000\040\000T\000a\000s\000k\000s}{section.3}% 12
\BOOKMARK [2][-]{subsection.3.4}{\376\377\000E\000x\000t\000r\000e\000m\000e\000\040\000C\000l\000a\000s\000s\000i\000f\000i\000c\000a\000t\000i\000o\000n\000\040\000E\000v\000a\000l\000u\000a\000t\000i\000o\000n}{section.3}% 13
\BOOKMARK [2][-]{subsection.3.5}{\376\377\000L\000A\000Y\000f\000o\000r\000m\000e\000r\000:\000\040\000L\000A\000Y\000\040\000i\000n\000\040\000T\000r\000a\000n\000s\000f\000o\000r\000m\000e\000r\000s}{section.3}% 14
\BOOKMARK [1][-]{section.4}{\376\377\000C\000o\000n\000c\000l\000u\000s\000i\000o\000n}{}% 15
\BOOKMARK [1][-]{appendix.A}{\376\377\000B\000a\000c\000k\000g\000r\000o\000u\000n\000d\000\040\000R\000e\000s\000u\000l\000t\000s}{}% 16
\BOOKMARK [1][-]{appendix.B}{\376\377\000G\000e\000o\000m\000e\000t\000r\000i\000c\000\040\000I\000n\000t\000e\000r\000p\000r\000e\000t\000a\000t\000i\000o\000n\000\040\000a\000n\000d\000\040\000I\000n\000v\000a\000r\000i\000a\000n\000c\000e\000s}{}% 17
\BOOKMARK [1][-]{appendix.C}{\376\377\000P\000r\000e\000l\000i\000m\000i\000n\000a\000r\000i\000e\000s\000:\000\040\000P\000o\000l\000y\000n\000o\000m\000i\000a\000l\000\040\000K\000e\000r\000n\000e\000l\000\040\000A\000p\000p\000r\000o\000x\000i\000m\000a\000t\000i\000o\000n\000s}{}% 18
\BOOKMARK [1][-]{appendix.D}{\376\377\000A\000b\000l\000a\000t\000i\000o\000n\000:\000\040\000P\000o\000l\000y\000n\000o\000m\000i\000a\000l\000\040\000A\000p\000p\000r\000o\000x\000i\000m\000a\000t\000i\000o\000n\000\040\000S\000w\000e\000e\000p}{}% 19
\BOOKMARK [1][-]{appendix.E}{\376\377\000I\000n\000t\000e\000g\000r\000a\000l\000\040\000R\000e\000p\000r\000e\000s\000e\000n\000t\000a\000t\000i\000o\000n\000\040\000o\000f\000\040\000t\000h\000e\000\040\000S\000p\000h\000e\000r\000i\000c\000a\000l\000\040\055\137\000-\000P\000r\000o\000d\000u\000c\000t}{}% 20
\BOOKMARK [1][-]{appendix.F}{\376\377\000R\000a\000n\000d\000o\000m\000\040\000F\000e\000a\000t\000u\000r\000e\000\040\000C\000o\000n\000s\000t\000r\000u\000c\000t\000i\000o\000n\000\040\000a\000n\000d\000\040\000U\000n\000b\000i\000a\000s\000e\000d\000n\000e\000s\000s}{}% 21
\BOOKMARK [1][-]{appendix.G}{\376\377\000P\000o\000s\000i\000t\000i\000v\000i\000t\000y\000\040\000a\000n\000d\000\040\000S\000t\000a\000b\000i\000l\000i\000t\000y\000\040\000G\000u\000a\000r\000a\000n\000t\000e\000e\000s}{}% 22
\BOOKMARK [1][-]{appendix.H}{\376\377\000E\000x\000p\000e\000r\000i\000m\000e\000n\000t\000a\000l\000\040\000a\000n\000d\000\040\000I\000m\000p\000l\000e\000m\000e\000n\000t\000a\000t\000i\000o\000n\000\040\000D\000e\000t\000a\000i\000l\000s}{}% 23
\BOOKMARK [1][-]{appendix.I}{\376\377\000I\000m\000p\000l\000e\000m\000e\000n\000t\000a\000t\000i\000o\000n\000\040\000N\000o\000t\000e\000s\000:\000\040\000Q\000u\000a\000d\000r\000a\000t\000u\000r\000e\000\040\000S\000c\000a\000l\000i\000n\000g\000\040\000a\000n\000d\000\040\000S\000h\000a\000p\000e\000s}{}% 24
\BOOKMARK [1][-]{appendix.J}{\376\377\000M\000a\000t\000h\000e\000m\000a\000t\000i\000c\000a\000l\000\040\000T\000o\000o\000l\000s\000\040\000U\000s\000e\000d\000\040\000\050\000H\000i\000g\000h\000\040\000L\000e\000v\000e\000l\000\051}{}% 25
\BOOKMARK [1][-]{appendix.K}{\376\377\000A\000d\000d\000i\000t\000i\000o\000n\000a\000l\000\040\000P\000r\000o\000o\000f\000s}{}% 26
\BOOKMARK [1][-]{appendix.L}{\376\377\000E\000m\000p\000i\000r\000i\000c\000a\000l\000\040\000A\000n\000a\000l\000y\000s\000i\000s\000\040\000o\000f\000\040\000L\000A\000Y\000\040\000P\000r\000o\000p\000e\000r\000t\000i\000e\000s}{}% 27
\BOOKMARK [2][-]{subsection.L.1}{\376\377\000U\000n\000d\000e\000r\000s\000t\000a\000n\000d\000i\000n\000g\000\040\000t\000h\000e\000\040\000S\000p\000h\000e\000r\000i\000c\000a\000l\000\040\055\137\000-\000K\000e\000r\000n\000e\000l}{appendix.L}% 28
\BOOKMARK [2][-]{subsection.L.2}{\376\377\000N\000u\000m\000e\000r\000i\000c\000a\000l\000\040\000S\000t\000a\000b\000i\000l\000i\000t\000y\000:\000\040\000T\000h\000e\000\040\000D\000e\000n\000o\000m\000i\000n\000a\000t\000o\000r\000\040\000P\000r\000o\000b\000l\000e\000m}{appendix.L}% 29
\BOOKMARK [2][-]{subsection.L.3}{\376\377\000Q\000u\000a\000d\000r\000a\000t\000u\000r\000e\000\040\000A\000p\000p\000r\000o\000x\000i\000m\000a\000t\000i\000o\000n\000\040\000Q\000u\000a\000l\000i\000t\000y}{appendix.L}% 30
\BOOKMARK [2][-]{subsection.L.4}{\376\377\000A\000t\000t\000e\000n\000t\000i\000o\000n\000\040\000S\000e\000l\000e\000c\000t\000i\000v\000i\000t\000y\000\040\000a\000n\000d\000\040\000P\000a\000t\000t\000e\000r\000n\000s}{appendix.L}% 31
\BOOKMARK [2][-]{subsection.L.5}{\376\377\000S\000p\000h\000e\000r\000i\000c\000a\000l\000\040\000G\000e\000o\000m\000e\000t\000r\000y\000\040\000V\000i\000s\000u\000a\000l\000i\000z\000a\000t\000i\000o\000n}{appendix.L}% 32
\BOOKMARK [2][-]{subsection.L.6}{\376\377\000C\000o\000m\000p\000u\000t\000a\000t\000i\000o\000n\000a\000l\000\040\000S\000c\000a\000l\000i\000n\000g}{appendix.L}% 33
